[29-Jan-2023 16:56:28] NOTICE: fpm is running, pid 78826
[29-Jan-2023 16:56:28] NOTICE: ready to handle connections
[29-Jan-2023 17:16:39] NOTICE: Terminating ...
[29-Jan-2023 17:16:39] NOTICE: Terminating ...
[29-Jan-2023 17:16:39] NOTICE: exiting, bye-bye!
[29-Jan-2023 17:47:09] NOTICE: fpm is running, pid 1181
[29-Jan-2023 17:47:09] NOTICE: ready to handle connections
[30-Jan-2023 21:56:06] NOTICE: Terminating ...
[30-Jan-2023 21:56:06] NOTICE: Terminating ...
[30-Jan-2023 21:56:06] NOTICE: exiting, bye-bye!
[31-Jan-2023 16:00:24] NOTICE: fpm is running, pid 12077
[31-Jan-2023 16:00:24] NOTICE: ready to handle connections
[01-Feb-2023 15:55:06] NOTICE: Terminating ...
[01-Feb-2023 15:55:06] NOTICE: Terminating ...
[01-Feb-2023 15:55:06] NOTICE: exiting, bye-bye!
[01-Feb-2023 15:55:08] NOTICE: fpm is running, pid 22597
[01-Feb-2023 15:55:08] NOTICE: ready to handle connections
[01-Feb-2023 16:12:05] NOTICE: Terminating ...
[01-Feb-2023 16:12:05] NOTICE: Terminating ...
[01-Feb-2023 16:12:05] NOTICE: exiting, bye-bye!
[01-Feb-2023 16:12:07] NOTICE: fpm is running, pid 22803
[01-Feb-2023 16:12:07] NOTICE: ready to handle connections
[03-Feb-2023 10:36:37] NOTICE: Terminating ...
[03-Feb-2023 10:36:37] NOTICE: Terminating ...
[03-Feb-2023 10:36:37] NOTICE: exiting, bye-bye!
[13-Feb-2023 10:13:48] NOTICE: fpm is running, pid 1218
[13-Feb-2023 10:13:48] NOTICE: ready to handle connections
[03-Mar-2023 11:24:39] NOTICE: fpm is running, pid 11701
[03-Mar-2023 11:24:39] NOTICE: ready to handle connections
